------------------------------------------------------------
STATUS     : Success
Phone      : 0892012517
Amount MWK : 200.00
New Balance: 203.40
Date/Time  : 21 Nov 2025, 12:22 PM
Message    : Balance updated successfully.
------------------------------------------------------------

------------------------------------------------------------
STATUS     : Success
Phone      : 0991248587
Amount MWK : 500.00
New Balance: 530.00
Date/Time  : 22 Nov 2025, 9:33 AM
Message    : Balance updated successfully.
------------------------------------------------------------

------------------------------------------------------------
STATUS     : Success
Phone      : 0984286086
Amount MWK : 700.00
New Balance: 700.00
Date/Time  : 25 Nov 2025, 12:36 AM
Message    : Balance updated successfully.
------------------------------------------------------------

------------------------------------------------------------
STATUS     : Success
Phone      : 0984286086
Amount MWK : 500.00
New Balance: 500.00
Date/Time  : 11 Dec 2025, 4:39 PM
Message    : Balance updated successfully.
------------------------------------------------------------

------------------------------------------------------------
STATUS     : Success
Phone      : 0892012517
Amount MWK : 50.00
New Balance: 10,070.00
Date/Time  : 21 Dec 2025, 8:47 PM
Message    : Balance updated successfully.
------------------------------------------------------------

------------------------------------------------------------
STATUS     : Success
Phone      : 0892012517
Amount MWK : 1,050.00
New Balance: 1,050.00
Date/Time  : 29 Dec 2025, 7:28 AM
Message    : Balance updated successfully.
------------------------------------------------------------

------------------------------------------------------------
STATUS     : Success
Phone      : 0892012517
Amount MWK : 300.00
New Balance: 300.00
Date/Time  : 9 Jan 2026, 10:33 PM
Message    : Balance updated successfully.
------------------------------------------------------------

------------------------------------------------------------
STATUS     : Success
Phone      : 0892012517
Amount MWK : 100.00
New Balance: 100.00
Date/Time  : 10 Jan 2026, 4:14 PM
Message    : Balance updated successfully.
------------------------------------------------------------

------------------------------------------------------------
STATUS     : Success
Phone      : 0996910204
Amount MWK : 50.00
New Balance: 50.00
Date/Time  : 15 Jan 2026, 4:21 PM
Message    : Balance updated successfully.
------------------------------------------------------------

------------------------------------------------------------
STATUS     : Success
Phone      : 0896591637
Amount MWK : 50.00
New Balance: 50.00
Date/Time  : 16 Jan 2026, 12:19 PM
Message    : Balance updated successfully.
------------------------------------------------------------

------------------------------------------------------------
STATUS     : Success
Phone      : 0881613933
Amount MWK : 50.00
New Balance: 50.00
Date/Time  : 29 Jan 2026, 11:16 AM
Message    : Balance updated successfully.
------------------------------------------------------------

------------------------------------------------------------
STATUS     : Success
Phone      : 0892012517
Amount MWK : 50.00
New Balance: 130.00
Date/Time  : 1 Feb 2026, 10:47 AM
Message    : Balance updated successfully.
------------------------------------------------------------

------------------------------------------------------------
STATUS     : Success
Phone      : 0892012517
Amount MWK : 200.00
New Balance: 200.00
Date/Time  : 4 Feb 2026, 12:06 PM
Message    : Balance updated successfully.
------------------------------------------------------------

------------------------------------------------------------
STATUS     : Success
Phone      : 0982559669
Amount MWK : 200.00
New Balance: 200.00
Date/Time  : 5 Feb 2026, 8:04 PM
Message    : Balance updated successfully.
------------------------------------------------------------

------------------------------------------------------------
STATUS     : Success
Phone      : 0982559669
Amount MWK : 50.00
New Balance: 70.00
Date/Time  : 5 Feb 2026, 8:21 PM
Message    : Balance updated successfully.
------------------------------------------------------------

------------------------------------------------------------
STATUS     : Success
Phone      : 0982559669
Amount MWK : 500.00
New Balance: 500.00
Date/Time  : 5 Feb 2026, 8:23 PM
Message    : Balance updated successfully.
------------------------------------------------------------

------------------------------------------------------------
STATUS     : Success
Phone      : 0982559669
Amount MWK : 500.00
New Balance: 510.00
Date/Time  : 5 Feb 2026, 8:28 PM
Message    : Balance updated successfully.
------------------------------------------------------------

------------------------------------------------------------
STATUS     : Success
Phone      : 0982559669
Amount MWK : 400.00
New Balance: 410.00
Date/Time  : 8 Feb 2026, 5:05 PM
Message    : Balance updated successfully.
------------------------------------------------------------

------------------------------------------------------------
STATUS     : Success
Phone      : 0982559669
Amount MWK : 1,000.00
New Balance: 1,020.00
Date/Time  : 8 Feb 2026, 5:10 PM
Message    : Balance updated successfully.
------------------------------------------------------------

------------------------------------------------------------
STATUS     : Success
Phone      : 0892012517
Amount MWK : 50.00
New Balance: 5,050.00
Date/Time  : 9 Feb 2026, 2:25 PM
Message    : Balance updated successfully.
------------------------------------------------------------

------------------------------------------------------------
STATUS     : Success
Phone      : 0892012517
Amount MWK : 50.00
New Balance: 5,100.00
Date/Time  : 9 Feb 2026, 2:58 PM
Message    : Balance updated successfully.
------------------------------------------------------------

------------------------------------------------------------
STATUS     : Success
Phone      : 0892012517
Amount MWK : 200.00
New Balance: 5,300.00
Date/Time  : 9 Feb 2026, 3:08 PM
Message    : Balance updated successfully.
------------------------------------------------------------

------------------------------------------------------------
STATUS     : Success
Phone      : 0892012517
Amount MWK : 100.00
New Balance: 5,350.00
Date/Time  : 10 Feb 2026, 4:36 PM
Message    : Balance updated successfully.
------------------------------------------------------------

------------------------------------------------------------
STATUS     : Success
Phone      : 0980662892
Amount MWK : 100.00
New Balance: 100.00
Date/Time  : 26 Feb 2026, 10:57 PM
Message    : Balance updated successfully.
------------------------------------------------------------

------------------------------------------------------------
STATUS     : Success
Phone      : 0994791131
Amount MWK : 500.00
New Balance: 500.00
Date/Time  : 2 Mar 2026, 5:37 PM
Message    : Balance updated successfully.
------------------------------------------------------------

