2026-02-11 00:47:54 | {"bankId":1,"wallet":"265982559669","amount":50,"merchantTrxId":"mlhlz41uhwa1ztsk"}
2026-02-11 00:47:54 | FINAL PAYLOAD: {"merchantTrxId":"mlhlz41uhwa1ztsk","wallet":"265982559669","bankId":1,"amount":"50.00"}
2026-02-15 11:30:19 | {"bankId":2,"wallet":"265892012517","amount":50,"merchantTrxId":"mlnyon0ofd3ezdar"}
2026-02-15 11:30:19 | FINAL PAYLOAD: {"merchantTrxId":"mlnyon0ofd3ezdar","wallet":"265892012517","bankId":2,"amount":"50.00"}
2026-02-19 11:59:40 | {"bankId":2,"wallet":"265892012517","amount":50,"merchantTrxId":"mltphr8oeea3vfb2"}
2026-02-19 11:59:40 | FINAL PAYLOAD: {"merchantTrxId":"mltphr8oeea3vfb2","wallet":"265892012517","bankId":2,"amount":"50.00"}
2026-02-19 11:59:51 | {"bankId":2,"wallet":"265892012517","amount":50,"merchantTrxId":"mltpi0dk89eb53qv"}
2026-02-19 11:59:51 | FINAL PAYLOAD: {"merchantTrxId":"mltpi0dk89eb53qv","wallet":"265892012517","bankId":2,"amount":"50.00"}
2026-02-21 04:15:08 | {"bankId":2,"wallet":"265892012517","amount":50,"merchantTrxId":"mlw3s2vwx9iy6v8g"}
2026-02-21 04:15:08 | FINAL PAYLOAD: {"merchantTrxId":"mlw3s2vwx9iy6v8g","wallet":"265892012517","bankId":2,"amount":"50.00"}
2026-02-24 12:38:09 | {"bankId":2,"wallet":"265892012517","amount":50,"merchantTrxId":"mm0w2i8bin34mtc4"}
2026-02-24 12:38:09 | FINAL PAYLOAD: {"merchantTrxId":"mm0w2i8bin34mtc4","wallet":"265892012517","bankId":2,"amount":"50.00"}
2026-02-25 05:18:10 | {"bankId":2,"wallet":"265892012517","amount":50,"merchantTrxId":"mm1vsjnylaz8cq90"}
2026-02-25 05:18:10 | FINAL PAYLOAD: {"merchantTrxId":"mm1vsjnylaz8cq90","wallet":"265892012517","bankId":2,"amount":"50.00"}
2026-03-02 07:41:42 | {"bankId":2,"wallet":"265892012517","amount":50,"merchantTrxId":"mm964egvvaagb61v"}
2026-03-02 07:41:42 | FINAL PAYLOAD: {"merchantTrxId":"mm964egvvaagb61v","wallet":"265892012517","bankId":2,"amount":"50.00"}
2026-03-07 16:12:06 | {"bankId":2,"wallet":"265892012517","amount":50,"merchantTrxId":"mmgtk2zu4beh1g6g"}
2026-03-07 16:12:06 | FINAL PAYLOAD: {"merchantTrxId":"mmgtk2zu4beh1g6g","wallet":"265892012517","bankId":2,"amount":"50.00"}
2026-03-09 08:00:09 | {"bankId":1,"wallet":"265980532690","amount":50,"merchantTrxId":"mmj4pwoz1e6hnxzn"}
2026-03-09 08:00:09 | FINAL PAYLOAD: {"merchantTrxId":"mmj4pwoz1e6hnxzn","wallet":"265980532690","bankId":1,"amount":"50.00"}
2026-03-09 12:43:56 | {"bankId":1,"wallet":"265980532690","amount":50,"merchantTrxId":"mmjeuuwdd41lbflt"}
2026-03-09 12:43:56 | FINAL PAYLOAD: {"merchantTrxId":"mmjeuuwdd41lbflt","wallet":"265980532690","bankId":1,"amount":"50.00"}
2026-03-10 10:55:47 | {"bankId":2,"wallet":"265892012517","amount":50,"merchantTrxId":"mmkqfmd5qpptf9hg"}
2026-03-10 10:55:47 | FINAL PAYLOAD: {"merchantTrxId":"mmkqfmd5qpptf9hg","wallet":"265892012517","bankId":2,"amount":"50.00"}
2026-03-12 19:28:48 | {"bankId":2,"wallet":"265892012517","amount":50,"merchantTrxId":"mmo3n3824zw6cqnp"}
2026-03-12 19:28:48 | FINAL PAYLOAD: {"merchantTrxId":"mmo3n3824zw6cqnp","wallet":"265892012517","bankId":2,"amount":"50.00"}
2026-03-19 07:06:10 | {"bankId":2,"wallet":"265892012517","amount":50,"merchantTrxId":"mmxd6zosant2gsbo"}
2026-03-19 07:06:10 | FINAL PAYLOAD: {"merchantTrxId":"mmxd6zosant2gsbo","wallet":"265892012517","bankId":2,"amount":"50.00"}
2026-03-19 11:10:04 | {"bankId":2,"wallet":"265892012517","amount":50,"merchantTrxId":"mmxlwpvgfmp2g3tr"}
2026-03-19 11:10:04 | FINAL PAYLOAD: {"merchantTrxId":"mmxlwpvgfmp2g3tr","wallet":"265892012517","bankId":2,"amount":"50.00"}
2026-03-26 10:35:47 | {"bankId":2,"wallet":"265892012517","amount":50,"merchantTrxId":"mn7krjbjiqe041uz"}
2026-03-26 10:35:47 | FINAL PAYLOAD: {"merchantTrxId":"mn7krjbjiqe041uz","wallet":"265892012517","bankId":2,"amount":"50.00"}
2026-03-27 13:54:47 | {"bankId":2,"wallet":"265892012517","amount":50,"merchantTrxId":"mn97b9zmh52k6p6h"}
2026-03-27 13:54:47 | FINAL PAYLOAD: {"merchantTrxId":"mn97b9zmh52k6p6h","wallet":"265892012517","bankId":2,"amount":"50.00"}
2026-03-28 10:27:33 | {"bankId":2,"wallet":"265892012517","amount":50,"merchantTrxId":"mnafcqkl3qc9xx1l"}
2026-03-28 10:27:33 | FINAL PAYLOAD: {"merchantTrxId":"mnafcqkl3qc9xx1l","wallet":"265892012517","bankId":2,"amount":"50.00"}
